# JRE version: 7.0_21-b12
# Java VM: Java HotSpot(TM) 64-Bit Server VM (23.21-b01 mixed mode bsd-amd64 compressed oops)
Heap
 PSYoungGen      total 343616K, used 257056K [0x000000013c540000, 0x0000000155540000, 0x0000000155540000)
  eden space 307648K, 75% used [0x000000013c540000,0x000000014a731a20,0x000000014f1b0000)
  from space 35968K, 71% used [0x000000014f1b0000,0x0000000150ac6730,0x00000001514d0000)
  to   space 38016K, 0% used [0x0000000153020000,0x0000000153020000,0x0000000155540000)
 ParOldGen       total 82688K, used 51421K [0x000000010a540000, 0x000000010f600000, 0x000000013c540000)
  object space 82688K, 62% used [0x000000010a540000,0x000000010d7774f8,0x000000010f600000)
 PSPermGen       total 65856K, used 65669K [0x0000000105340000, 0x0000000109390000, 0x000000010a540000)
  object space 65856K, 99% used [0x0000000105340000,0x0000000109361618,0x0000000109390000)
GC Heap History (10 events):
Event: 8.232 GC heap before
{Heap before GC invocations=10 (full 0):
 PSYoungGen      total 162176K, used 162156K [0x000000013c540000, 0x000000014d780000, 0x0000000155540000)
  eden space 149120K, 100% used [0x000000013c540000,0x00000001456e0000,0x00000001456e0000)
  from space 13056K, 99% used [0x00000001456e0000,0x000000014639b070,0x00000001463a0000)
  to   space 21120K, 0% used [0x000000014c2e0000,0x000000014c2e0000,0x000000014d780000)
 ParOldGen       total 51200K, used 31174K [0x000000010a540000, 0x000000010d740000, 0x000000013c540000)
  object space 51200K, 60% used [0x000000010a540000,0x000000010c3b1a60,0x000000010d740000)
 PSPermGen       total 26048K, used 25915K [0x0000000105340000, 0x0000000106cb0000, 0x000000010a540000)
  object space 26048K, 99% used [0x0000000105340000,0x0000000106c8ef00,0x0000000106cb0000)
Event: 8.267 GC heap after
Heap after GC invocations=10 (full 0):
 PSYoungGen      total 252160K, used 21099K [0x000000013c540000, 0x000000014e640000, 0x0000000155540000)
  eden space 231040K, 0% used [0x000000013c540000,0x000000013c540000,0x000000014a6e0000)
  from space 21120K, 99% used [0x000000014c2e0000,0x000000014d77aff8,0x000000014d780000)
  to   space 28672K, 0% used [0x000000014a6e0000,0x000000014a6e0000,0x000000014c2e0000)
 ParOldGen       total 51200K, used 42495K [0x000000010a540000, 0x000000010d740000, 0x000000013c540000)
  object space 51200K, 82% used [0x000000010a540000,0x000000010cebffc8,0x000000010d740000)
 PSPermGen       total 26048K, used 25915K [0x0000000105340000, 0x0000000106cb0000, 0x000000010a540000)
  object space 26048K, 99% used [0x0000000105340000,0x0000000106c8ef00,0x0000000106cb0000)
}
Event: 8.267 GC heap before
{Heap before GC invocations=11 (full 1):
 PSYoungGen      total 252160K, used 21099K [0x000000013c540000, 0x000000014e640000, 0x0000000155540000)
  eden space 231040K, 0% used [0x000000013c540000,0x000000013c540000,0x000000014a6e0000)
  from space 21120K, 99% used [0x000000014c2e0000,0x000000014d77aff8,0x000000014d780000)
  to   space 28672K, 0% used [0x000000014a6e0000,0x000000014a6e0000,0x000000014c2e0000)
 ParOldGen       total 51200K, used 42495K [0x000000010a540000, 0x000000010d740000, 0x000000013c540000)
  object space 51200K, 82% used [0x000000010a540000,0x000000010cebffc8,0x000000010d740000)
 PSPermGen       total 26048K, used 25915K [0x0000000105340000, 0x0000000106cb0000, 0x000000010a540000)
  object space 26048K, 99% used [0x0000000105340000,0x0000000106c8ef00,0x0000000106cb0000)
Event: 8.456 GC heap after
Heap after GC invocations=11 (full 1):
 PSYoungGen      total 252160K, used 0K [0x000000013c540000, 0x000000014e640000, 0x0000000155540000)
  eden space 231040K, 0% used [0x000000013c540000,0x000000013c540000,0x000000014a6e0000)
  from space 21120K, 0% used [0x000000014c2e0000,0x000000014c2e0000,0x000000014d780000)
  to   space 28672K, 0% used [0x000000014a6e0000,0x000000014a6e0000,0x000000014c2e0000)
 ParOldGen       total 82688K, used 42177K [0x000000010a540000, 0x000000010f600000, 0x000000013c540000)
  object space 82688K, 51% used [0x000000010a540000,0x000000010ce70508,0x000000010f600000)
 PSPermGen       total 51840K, used 25903K [0x0000000105340000, 0x00000001085e0000, 0x000000010a540000)
  object space 51840K, 49% used [0x0000000105340000,0x0000000106c8bdd0,0x00000001085e0000)
}
Event: 9.412 GC heap before
{Heap before GC invocations=12 (full 1):
 PSYoungGen      total 252160K, used 231040K [0x000000013c540000, 0x000000014e640000, 0x0000000155540000)
  eden space 231040K, 100% used [0x000000013c540000,0x000000014a6e0000,0x000000014a6e0000)
  from space 21120K, 0% used [0x000000014c2e0000,0x000000014c2e0000,0x000000014d780000)
  to   space 28672K, 0% used [0x000000014a6e0000,0x000000014a6e0000,0x000000014c2e0000)
 ParOldGen       total 82688K, used 42177K [0x000000010a540000, 0x000000010f600000, 0x000000013c540000)
  object space 82688K, 51% used [0x000000010a540000,0x000000010ce70508,0x000000010f600000)
 PSPermGen       total 51840K, used 25921K [0x0000000105340000, 0x00000001085e0000, 0x000000010a540000)
  object space 51840K, 50% used [0x0000000105340000,0x0000000106c90700,0x00000001085e0000)
Event: 9.442 GC heap after
Heap after GC invocations=12 (full 1):
 PSYoungGen      total 259712K, used 28646K [0x000000013c540000, 0x0000000153650000, 0x0000000155540000)
  eden space 231040K, 0% used [0x000000013c540000,0x000000013c540000,0x000000014a6e0000)
  from space 28672K, 99% used [0x000000014a6e0000,0x000000014c2d9a18,0x000000014c2e0000)
  to   space 34112K, 0% used [0x0000000151500000,0x0000000151500000,0x0000000153650000)
 ParOldGen       total 82688K, used 44214K [0x000000010a540000, 0x000000010f600000, 0x000000013c540000)
  object space 82688K, 53% used [0x000000010a540000,0x000000010d06d9c8,0x000000010f600000)
 PSPermGen       total 51840K, used 25921K [0x0000000105340000, 0x00000001085e0000, 0x000000010a540000)
  object space 51840K, 50% used [0x0000000105340000,0x0000000106c90700,0x00000001085e0000)
}
Event: 11.449 GC heap before
{Heap before GC invocations=13 (full 1):
 PSYoungGen      total 259712K, used 259686K [0x000000013c540000, 0x0000000153650000, 0x0000000155540000)
  eden space 231040K, 100% used [0x000000013c540000,0x000000014a6e0000,0x000000014a6e0000)
  from space 28672K, 99% used [0x000000014a6e0000,0x000000014c2d9a18,0x000000014c2e0000)
  to   space 34112K, 0% used [0x0000000151500000,0x0000000151500000,0x0000000153650000)
 ParOldGen       total 82688K, used 44214K [0x000000010a540000, 0x000000010f600000, 0x000000013c540000)
  object space 82688K, 53% used [0x000000010a540000,0x000000010d06d9c8,0x000000010f600000)
 PSPermGen       total 51840K, used 33882K [0x0000000105340000, 0x00000001085e0000, 0x000000010a540000)
  object space 51840K, 65% used [0x0000000105340000,0x0000000107456960,0x00000001085e0000)
Event: 11.495 GC heap after
Heap after GC invocations=13 (full 1):
 PSYoungGen      total 341760K, used 23828K [0x000000013c540000, 0x00000001537f0000, 0x0000000155540000)
  eden space 307648K, 0% used [0x000000013c540000,0x000000013c540000,0x000000014f1b0000)
  from space 34112K, 69% used [0x0000000151500000,0x0000000152c45090,0x0000000153650000)
  to   space 35968K, 0% used [0x000000014f1b0000,0x000000014f1b0000,0x00000001514d0000)
 ParOldGen       total 82688K, used 47427K [0x000000010a540000, 0x000000010f600000, 0x000000013c540000)
  object space 82688K, 57% used [0x000000010a540000,0x000000010d390c78,0x000000010f600000)
 PSPermGen       total 51840K, used 33882K [0x0000000105340000, 0x00000001085e0000, 0x000000010a540000)
  object space 51840K, 65% used [0x0000000105340000,0x0000000107456960,0x00000001085e0000)
}
Event: 16.272 GC heap before
{Heap before GC invocations=14 (full 1):
 PSYoungGen      total 341760K, used 331476K [0x000000013c540000, 0x00000001537f0000, 0x0000000155540000)
  eden space 307648K, 100% used [0x000000013c540000,0x000000014f1b0000,0x000000014f1b0000)
  from space 34112K, 69% used [0x0000000151500000,0x0000000152c45090,0x0000000153650000)
  to   space 35968K, 0% used [0x000000014f1b0000,0x000000014f1b0000,0x00000001514d0000)
 ParOldGen       total 82688K, used 47427K [0x000000010a540000, 0x000000010f600000, 0x000000013c540000)
  object space 82688K, 57% used [0x000000010a540000,0x000000010d390c78,0x000000010f600000)
 PSPermGen       total 54912K, used 54778K [0x0000000105340000, 0x00000001088e0000, 0x000000010a540000)
  object space 54912K, 99% used [0x0000000105340000,0x00000001088be978,0x00000001088e0000)
Event: 16.319 GC heap after
Heap after GC invocations=14 (full 1):
 PSYoungGen      total 343616K, used 25689K [0x000000013c540000, 0x0000000155540000, 0x0000000155540000)
  eden space 307648K, 0% used [0x000000013c540000,0x000000013c540000,0x000000014f1b0000)
  from space 35968K, 71% used [0x000000014f1b0000,0x0000000150ac6730,0x00000001514d0000)
  to   space 38016K, 0% used [0x0000000153020000,0x0000000153020000,0x0000000155540000)
 ParOldGen       total 82688K, used 51421K [0x000000010a540000, 0x000000010f600000, 0x000000013c540000)
  object space 82688K, 62% used [0x000000010a540000,0x000000010d7774f8,0x000000010f600000)
 PSPermGen       total 54912K, used 54778K [0x0000000105340000, 0x00000001088e0000, 0x000000010a540000)
  object space 54912K, 99% used [0x0000000105340000,0x00000001088be978,0x00000001088e0000)
}

